[I 2024-03-04 19:26:16.624 ServerApp] Package jupyterlab took 0.0000s to import
[I 2024-03-04 19:26:16.636 ServerApp] Package jupyter_lsp took 0.0113s to import
[W 2024-03-04 19:26:16.637 ServerApp] A `_jupyter_server_extension_points` function was not found in jupyter_lsp. Instead, a `_jupyter_server_extension_paths` function was found and will be used for now. This function name will be deprecated in future releases of Jupyter Server.
[I 2024-03-04 19:26:16.642 ServerApp] Package jupyter_server_terminals took 0.0052s to import
[I 2024-03-04 19:26:16.643 ServerApp] Package notebook_shim took 0.0000s to import
[W 2024-03-04 19:26:16.643 ServerApp] A `_jupyter_server_extension_points` function was not found in notebook_shim. Instead, a `_jupyter_server_extension_paths` function was found and will be used for now. This function name will be deprecated in future releases of Jupyter Server.
[I 2024-03-04 19:26:16.643 ServerApp] jupyter_lsp | extension was successfully linked.
[I 2024-03-04 19:26:16.648 ServerApp] jupyter_server_terminals | extension was successfully linked.
[W 2024-03-04 19:26:16.650 LabApp] 'token' has moved from NotebookApp to ServerApp. This config will be passed to ServerApp. Be sure to update your config before our next release.
[W 2024-03-04 19:26:16.655 ServerApp] ServerApp.token config is deprecated in 2.0. Use IdentityProvider.token.
[I 2024-03-04 19:26:16.655 ServerApp] jupyterlab | extension was successfully linked.
[I 2024-03-04 19:26:16.928 ServerApp] notebook_shim | extension was successfully linked.
[W 2024-03-04 19:26:16.947 ServerApp] WARNING: The Jupyter server is listening on all IP addresses and not using encryption. This is not recommended.
[I 2024-03-04 19:26:16.947 ServerApp] notebook_shim | extension was successfully loaded.
[I 2024-03-04 19:26:16.950 ServerApp] jupyter_lsp | extension was successfully loaded.
[I 2024-03-04 19:26:16.951 ServerApp] jupyter_server_terminals | extension was successfully loaded.
[I 2024-03-04 19:26:16.952 LabApp] JupyterLab extension loaded from /usr/local/lib/python3.10/dist-packages/jupyterlab
[I 2024-03-04 19:26:16.953 LabApp] JupyterLab application directory is /usr/local/share/jupyter/lab
[I 2024-03-04 19:26:16.953 LabApp] Extension Manager is 'pypi'.
[I 2024-03-04 19:26:16.957 ServerApp] jupyterlab | extension was successfully loaded.
[I 2024-03-04 19:26:16.957 ServerApp] The port 8893 is already in use, trying another port.
[I 2024-03-04 19:26:16.957 ServerApp] The port 8894 is already in use, trying another port.
[I 2024-03-04 19:26:16.958 ServerApp] The port 8895 is already in use, trying another port.
[I 2024-03-04 19:26:16.958 ServerApp] The port 8896 is already in use, trying another port.
[I 2024-03-04 19:26:16.958 ServerApp] The port 8897 is already in use, trying another port.
[I 2024-03-04 19:26:16.958 ServerApp] Serving notebooks from local directory: /home
[I 2024-03-04 19:26:16.958 ServerApp] Jupyter Server 2.9.1 is running at:
[I 2024-03-04 19:26:16.958 ServerApp] http://localhost:8882/lab?token=...
[I 2024-03-04 19:26:16.958 ServerApp]     http://127.0.0.1:8882/lab?token=...
[I 2024-03-04 19:26:16.958 ServerApp] Use Control-C to stop this server and shut down all kernels (twice to skip confirmation).
[I 2024-03-04 19:26:16.999 ServerApp] Skipped non-installed server(s): bash-language-server, dockerfile-language-server-nodejs, javascript-typescript-langserver, jedi-language-server, julia-language-server, pyright, python-language-server, python-lsp-server, r-languageserver, sql-language-server, texlab, typescript-language-server, unified-language-server, vscode-css-languageserver-bin, vscode-html-languageserver-bin, vscode-json-languageserver-bin, yaml-language-server
[I 2024-04-01 17:48:31.861 ServerApp] Package jupyterlab took 0.0000s to import
[I 2024-04-01 17:48:31.873 ServerApp] Package jupyter_lsp took 0.0107s to import
[W 2024-04-01 17:48:31.873 ServerApp] A `_jupyter_server_extension_points` function was not found in jupyter_lsp. Instead, a `_jupyter_server_extension_paths` function was found and will be used for now. This function name will be deprecated in future releases of Jupyter Server.
[I 2024-04-01 17:48:31.878 ServerApp] Package jupyter_server_terminals took 0.0049s to import
[I 2024-04-01 17:48:31.878 ServerApp] Package notebook_shim took 0.0000s to import
[W 2024-04-01 17:48:31.879 ServerApp] A `_jupyter_server_extension_points` function was not found in notebook_shim. Instead, a `_jupyter_server_extension_paths` function was found and will be used for now. This function name will be deprecated in future releases of Jupyter Server.
[I 2024-04-01 17:48:31.879 ServerApp] jupyter_lsp | extension was successfully linked.
[I 2024-04-01 17:48:31.884 ServerApp] jupyter_server_terminals | extension was successfully linked.
[W 2024-04-01 17:48:31.886 LabApp] 'token' has moved from NotebookApp to ServerApp. This config will be passed to ServerApp. Be sure to update your config before our next release.
[W 2024-04-01 17:48:31.890 ServerApp] ServerApp.token config is deprecated in 2.0. Use IdentityProvider.token.
[I 2024-04-01 17:48:31.890 ServerApp] jupyterlab | extension was successfully linked.
[I 2024-04-01 17:48:32.136 ServerApp] notebook_shim | extension was successfully linked.
[W 2024-04-01 17:48:32.154 ServerApp] WARNING: The Jupyter server is listening on all IP addresses and not using encryption. This is not recommended.
[I 2024-04-01 17:48:32.155 ServerApp] notebook_shim | extension was successfully loaded.
[I 2024-04-01 17:48:32.157 ServerApp] jupyter_lsp | extension was successfully loaded.
[I 2024-04-01 17:48:32.158 ServerApp] jupyter_server_terminals | extension was successfully loaded.
[I 2024-04-01 17:48:32.160 LabApp] JupyterLab extension loaded from /usr/local/lib/python3.10/dist-packages/jupyterlab
[I 2024-04-01 17:48:32.160 LabApp] JupyterLab application directory is /usr/local/share/jupyter/lab
[I 2024-04-01 17:48:32.160 LabApp] Extension Manager is 'pypi'.
[I 2024-04-01 17:48:32.164 ServerApp] jupyterlab | extension was successfully loaded.
[I 2024-04-01 17:48:32.164 ServerApp] The port 8893 is already in use, trying another port.
[I 2024-04-01 17:48:32.164 ServerApp] The port 8894 is already in use, trying another port.
[I 2024-04-01 17:48:32.164 ServerApp] The port 8895 is already in use, trying another port.
[I 2024-04-01 17:48:32.165 ServerApp] The port 8896 is already in use, trying another port.
[I 2024-04-01 17:48:32.165 ServerApp] The port 8897 is already in use, trying another port.
[I 2024-04-01 17:48:32.165 ServerApp] The port 8800 is already in use, trying another port.
[I 2024-04-01 17:48:32.165 ServerApp] Serving notebooks from local directory: /home
[I 2024-04-01 17:48:32.165 ServerApp] Jupyter Server 2.9.1 is running at:
[I 2024-04-01 17:48:32.165 ServerApp] http://localhost:8859/lab?token=...
[I 2024-04-01 17:48:32.165 ServerApp]     http://127.0.0.1:8859/lab?token=...
[I 2024-04-01 17:48:32.165 ServerApp] Use Control-C to stop this server and shut down all kernels (twice to skip confirmation).
[I 2024-04-01 17:48:32.192 ServerApp] Skipped non-installed server(s): bash-language-server, dockerfile-language-server-nodejs, javascript-typescript-langserver, jedi-language-server, julia-language-server, pyright, python-language-server, python-lsp-server, r-languageserver, sql-language-server, texlab, typescript-language-server, unified-language-server, vscode-css-languageserver-bin, vscode-html-languageserver-bin, vscode-json-languageserver-bin, yaml-language-server
